<?xml version="1.0"?><coverage lines-covered="4" lines-valid="8" line-rate="0.5" branches-covered="0" branches-valid="0" branch-rate="0" complexity="0" version="1.9" timestamp="1661195849"><sources><source>/root/Dev/covtests</source></sources><packages><package name="src" line-rate="0.5" branch-rate="0" complexity="0"><classes><class name="main" filename="src/main.rs" line-rate="0.5" branch-rate="0" complexity="0"><methods/><lines><line number="1" hits="2"/><line number="4" hits="1"/><line number="8" hits="0"/><line number="9" hits="0"/><line number="10" hits="0"/><line number="11" hits="0"/><line number="19" hits="3"/><line number="20" hits="1"/></lines></class></classes></package></packages></coverage>